********************************************************
* LOG FOR Gadgets4Everyone
********************************************************
*
* ERROR: This CSV Contains No Data.
*
********************************************************
* LOG FOR HMV
********************************************************
*
* OFFERS INSERTED: 0 | OFFERS UPDATED: 3 | NEW PRODUCTS: 0
* 
********************************************************
* LOG FOR Music Magpie
********************************************************
*
* ERROR: CSV File Not Found.
*
********************************************************
* LOG FOR That's Entertainment
********************************************************
*
* ERROR: CSV File Not Found.
*
********************************************************
* LOG FOR Play.com
********************************************************
*
* ERROR: CSV File Not Found.
*
********************************************************
* LOG FOR Currys PC World
********************************************************
*
* ERROR: CSV File Not Found.
*
********************************************************
* Script Executed In 0.22362399101257 microseconds
********************************************************
